2024-12-13T20:54:56.159Z [INFO]: Polygon WebSocket connected.
2024-12-13T20:54:56.166Z [INFO]: Started polling for order statuses.
2024-12-13T20:54:56.332Z [INFO]: Polygon WebSocket connection opened.
2024-12-13T20:54:56.333Z [INFO]: Polygon WebSocket connected.
2024-12-13T20:54:56.347Z [INFO]: Initialized existing positions.
2024-12-13T20:54:56.390Z [INFO]: Polygon WebSocket authenticated.
2024-12-13T20:54:56.897Z [INFO]: Subscribed to WKEY quotes.
2024-12-13T20:54:56.900Z [INFO]: Subscribed to quotes and trades for WKEY.
2024-12-13T20:54:56.909Z [INFO]: Watchlist updated. Monitoring 1 symbols.
2024-12-13T20:54:58.305Z [INFO]: Positions refreshed.
2024-12-13T20:55:00.309Z [INFO]: Positions refreshed.
2024-12-13T20:55:24.052Z [INFO]: Polygon WebSocket connected.
2024-12-13T20:55:24.058Z [INFO]: Started polling for order statuses.
2024-12-13T20:55:24.220Z [INFO]: Polygon WebSocket connection opened.
2024-12-13T20:55:24.221Z [INFO]: Polygon WebSocket connected.
2024-12-13T20:55:24.224Z [INFO]: Initialized existing positions.
2024-12-13T20:55:24.273Z [INFO]: Polygon WebSocket authenticated.
2024-12-13T20:55:25.029Z [INFO]: Subscribed to WKEY quotes.
2024-12-13T20:55:25.033Z [INFO]: Subscribed to quotes and trades for WKEY.
2024-12-13T20:55:25.040Z [INFO]: Watchlist updated. Monitoring 1 symbols.
2024-12-13T20:55:26.210Z [INFO]: Positions refreshed.
2024-12-13T20:55:28.203Z [INFO]: Positions refreshed.
2024-12-13T20:55:30.203Z [INFO]: Positions refreshed.
2024-12-13T20:56:46.630Z [INFO]: Polygon WebSocket connected.
2024-12-13T20:56:46.637Z [INFO]: Started polling for order statuses.
2024-12-13T20:56:46.810Z [INFO]: Initialized existing positions.
2024-12-13T20:56:46.816Z [INFO]: Polygon WebSocket connection opened.
2024-12-13T20:56:46.817Z [INFO]: Polygon WebSocket connected.
2024-12-13T20:56:46.867Z [INFO]: Polygon WebSocket authenticated.
2024-12-13T20:56:47.378Z [INFO]: Subscribed to WKEY quotes.
2024-12-13T20:56:47.383Z [INFO]: Subscribed to quotes and trades for WKEY.
2024-12-13T20:56:47.763Z [INFO]: Subscribed to IPHA quotes.
2024-12-13T20:56:47.773Z [INFO]: Subscribed to quotes and trades for IPHA.
2024-12-13T20:56:47.792Z [INFO]: Watchlist updated. Monitoring 2 symbols.
2024-12-13T20:56:48.789Z [INFO]: Positions refreshed.
2024-12-13T20:56:50.790Z [INFO]: Positions refreshed.
2024-12-13T20:56:52.802Z [INFO]: Positions refreshed.
2024-12-13T20:56:54.794Z [INFO]: Positions refreshed.
2024-12-13T20:56:56.794Z [INFO]: Positions refreshed.
2024-12-13T20:56:58.798Z [INFO]: Positions refreshed.
2024-12-13T20:57:00.804Z [INFO]: Positions refreshed.
2024-12-13T20:57:01.648Z [INFO]: Dynamic config reloaded. Updated override symbols.
2024-12-13T20:57:02.423Z [INFO]: Updated watchlist entry for WKEY.
2024-12-13T20:57:02.809Z [INFO]: Positions refreshed.
2024-12-13T20:57:02.883Z [INFO]: Updated watchlist entry for IPHA.
2024-12-13T20:57:02.898Z [INFO]: Watchlist updated. Monitoring 2 symbols.
2024-12-13T20:57:04.805Z [INFO]: Positions refreshed.
2024-12-13T20:57:06.800Z [INFO]: Positions refreshed.
2024-12-13T20:57:08.821Z [INFO]: Positions refreshed.
2024-12-13T20:57:10.813Z [INFO]: Positions refreshed.
2024-12-13T20:57:12.803Z [INFO]: Positions refreshed.
2024-12-13T20:57:14.829Z [INFO]: Polygon WebSocket connected.
2024-12-13T20:57:14.836Z [INFO]: Started polling for order statuses.
2024-12-13T20:57:14.996Z [INFO]: Polygon WebSocket connection opened.
2024-12-13T20:57:14.998Z [INFO]: Polygon WebSocket connected.
2024-12-13T20:57:15.003Z [INFO]: Initialized existing positions.
2024-12-13T20:57:15.045Z [INFO]: Polygon WebSocket authenticated.
2024-12-13T20:57:15.564Z [INFO]: Subscribed to WKEY quotes.
2024-12-13T20:57:15.569Z [INFO]: Subscribed to quotes and trades for WKEY.
2024-12-13T20:57:15.969Z [INFO]: Subscribed to IPHA quotes.
2024-12-13T20:57:15.974Z [INFO]: Subscribed to quotes and trades for IPHA.
2024-12-13T20:57:15.992Z [INFO]: Watchlist updated. Monitoring 2 symbols.
2024-12-13T20:57:16.985Z [INFO]: Positions refreshed.
2024-12-13T20:57:19.052Z [INFO]: Positions refreshed.
2024-12-13T20:57:20.969Z [INFO]: Positions refreshed.
2024-12-13T20:57:22.989Z [INFO]: Positions refreshed.
2024-12-13T20:57:24.975Z [INFO]: Positions refreshed.
2024-12-13T20:57:26.974Z [INFO]: Positions refreshed.
2024-12-13T20:57:28.981Z [INFO]: Positions refreshed.
2024-12-13T20:57:29.841Z [INFO]: Dynamic config reloaded. Updated override symbols.
2024-12-13T20:57:30.751Z [INFO]: Updated watchlist entry for WKEY.
2024-12-13T20:57:32.037Z [INFO]: Polygon WebSocket connected.
2024-12-13T20:57:32.044Z [INFO]: Started polling for order statuses.
2024-12-13T20:57:32.206Z [INFO]: Initialized existing positions.
2024-12-13T20:57:32.215Z [INFO]: Polygon WebSocket connection opened.
2024-12-13T20:57:32.216Z [INFO]: Polygon WebSocket connected.
2024-12-13T20:57:32.261Z [INFO]: Polygon WebSocket authenticated.
2024-12-13T20:57:32.747Z [INFO]: Subscribed to WKEY quotes.
2024-12-13T20:57:32.752Z [INFO]: Subscribed to quotes and trades for WKEY.
2024-12-13T20:57:33.134Z [INFO]: Subscribed to IPHA quotes.
2024-12-13T20:57:33.139Z [INFO]: Subscribed to quotes and trades for IPHA.
2024-12-13T20:57:33.157Z [INFO]: Watchlist updated. Monitoring 2 symbols.
2024-12-13T20:57:34.195Z [INFO]: Positions refreshed.
2024-12-13T20:57:36.194Z [INFO]: Positions refreshed.
2024-12-13T20:57:38.185Z [INFO]: Positions refreshed.
2024-12-13T20:57:40.181Z [INFO]: Positions refreshed.
2024-12-13T20:57:42.195Z [INFO]: Positions refreshed.
2024-12-13T20:57:44.205Z [INFO]: Positions refreshed.
2024-12-13T20:57:46.197Z [INFO]: Positions refreshed.
2024-12-13T20:57:47.047Z [INFO]: Dynamic config reloaded. Updated override symbols.
2024-12-13T20:57:47.790Z [INFO]: Updated watchlist entry for WKEY.
2024-12-13T20:57:48.202Z [INFO]: Positions refreshed.
2024-12-13T20:57:48.220Z [INFO]: Updated watchlist entry for IPHA.
2024-12-13T20:57:48.228Z [INFO]: Watchlist updated. Monitoring 2 symbols.
2024-12-13T20:57:50.201Z [INFO]: Positions refreshed.
2024-12-13T20:57:52.190Z [INFO]: Positions refreshed.
2024-12-13T20:57:54.197Z [INFO]: Positions refreshed.
2024-12-13T20:57:56.195Z [INFO]: Positions refreshed.
2024-12-13T20:57:58.192Z [INFO]: Positions refreshed.
2024-12-13T20:58:00.191Z [INFO]: Positions refreshed.
2024-12-13T20:58:02.046Z [INFO]: Dynamic config reloaded. Updated override symbols.
2024-12-13T20:58:02.202Z [INFO]: Positions refreshed.
2024-12-13T20:58:02.843Z [INFO]: Updated watchlist entry for WKEY.
2024-12-13T20:58:02.852Z [INFO]: Watchlist updated. Monitoring 2 symbols.
2024-12-13T20:58:04.203Z [INFO]: Positions refreshed.
2024-12-13T20:58:06.191Z [INFO]: Positions refreshed.
2024-12-13T20:58:08.210Z [INFO]: Positions refreshed.
2024-12-13T20:58:10.213Z [INFO]: Positions refreshed.
2024-12-13T20:58:12.214Z [INFO]: Positions refreshed.
2024-12-13T20:58:14.203Z [INFO]: Positions refreshed.
2024-12-13T20:58:16.199Z [INFO]: Positions refreshed.
2024-12-13T20:58:17.053Z [INFO]: Dynamic config reloaded. Updated override symbols.
2024-12-13T20:58:18.197Z [INFO]: Positions refreshed.
2024-12-13T20:58:20.207Z [INFO]: Positions refreshed.
2024-12-13T20:58:21.234Z [INFO]: Updated watchlist entry for WKEY.
2024-12-13T20:58:21.245Z [INFO]: Watchlist updated. Monitoring 2 symbols.
2024-12-13T20:58:22.222Z [INFO]: Positions refreshed.
2024-12-13T20:58:24.223Z [INFO]: Positions refreshed.
2024-12-13T20:58:26.220Z [INFO]: Positions refreshed.
2024-12-13T20:58:28.209Z [INFO]: Positions refreshed.
2024-12-13T20:58:30.284Z [INFO]: Positions refreshed.
2024-12-13T20:58:32.050Z [INFO]: Dynamic config reloaded. Updated override symbols.
2024-12-13T20:58:32.213Z [INFO]: Positions refreshed.
2024-12-13T20:58:32.773Z [INFO]: Updated watchlist entry for WKEY.
2024-12-13T20:58:32.787Z [INFO]: Watchlist updated. Monitoring 2 symbols.
2024-12-13T20:58:34.211Z [INFO]: Positions refreshed.
2024-12-13T20:58:36.208Z [INFO]: Positions refreshed.
2024-12-13T20:58:38.206Z [INFO]: Positions refreshed.
2024-12-13T20:58:40.217Z [INFO]: Positions refreshed.
2024-12-13T20:58:42.220Z [INFO]: Positions refreshed.
2024-12-13T20:58:44.231Z [INFO]: Positions refreshed.
2024-12-13T20:58:46.252Z [INFO]: Positions refreshed.
2024-12-13T20:58:47.051Z [INFO]: Dynamic config reloaded. Updated override symbols.
2024-12-13T20:58:48.208Z [INFO]: Positions refreshed.
2024-12-13T20:58:48.263Z [INFO]: Updated watchlist entry for WKEY.
2024-12-13T20:58:48.271Z [INFO]: Watchlist updated. Monitoring 2 symbols.
2024-12-13T20:58:50.208Z [INFO]: Positions refreshed.
2024-12-13T20:58:52.217Z [INFO]: Positions refreshed.
2024-12-13T20:58:54.210Z [INFO]: Positions refreshed.
2024-12-13T20:58:56.230Z [INFO]: Positions refreshed.
2024-12-13T20:58:58.222Z [INFO]: Positions refreshed.
2024-12-13T20:59:00.225Z [INFO]: Positions refreshed.
2024-12-13T20:59:02.051Z [INFO]: Dynamic config reloaded. Updated override symbols.
2024-12-13T20:59:02.219Z [INFO]: Positions refreshed.
2024-12-13T20:59:02.794Z [INFO]: Updated watchlist entry for WKEY.
2024-12-13T20:59:03.200Z [INFO]: Updated watchlist entry for IPHA.
2024-12-13T20:59:03.208Z [INFO]: Watchlist updated. Monitoring 2 symbols.
2024-12-13T20:59:04.217Z [INFO]: Positions refreshed.
2024-12-13T20:59:06.223Z [INFO]: Positions refreshed.
2024-12-13T20:59:08.228Z [INFO]: Positions refreshed.
2024-12-13T20:59:10.232Z [INFO]: Positions refreshed.
2024-12-13T20:59:12.227Z [INFO]: Positions refreshed.
2024-12-13T20:59:14.245Z [INFO]: Positions refreshed.
2024-12-13T20:59:16.234Z [INFO]: Positions refreshed.
2024-12-13T20:59:17.053Z [INFO]: Dynamic config reloaded. Updated override symbols.
2024-12-13T20:59:17.802Z [INFO]: Updated watchlist entry for WKEY.
2024-12-13T20:59:18.242Z [INFO]: Positions refreshed.
2024-12-13T20:59:18.363Z [INFO]: Updated watchlist entry for IPHA.
2024-12-13T20:59:18.372Z [INFO]: Watchlist updated. Monitoring 2 symbols.
2024-12-13T20:59:20.247Z [INFO]: Positions refreshed.
2024-12-13T20:59:22.228Z [INFO]: Positions refreshed.
2024-12-13T20:59:24.234Z [INFO]: Positions refreshed.
2024-12-13T20:59:26.241Z [INFO]: Positions refreshed.
2024-12-13T20:59:28.239Z [INFO]: Positions refreshed.
2024-12-13T20:59:30.237Z [INFO]: Positions refreshed.
2024-12-13T20:59:32.053Z [INFO]: Dynamic config reloaded. Updated override symbols.
2024-12-13T20:59:32.238Z [INFO]: Positions refreshed.
2024-12-13T20:59:32.810Z [INFO]: Updated watchlist entry for WKEY.
2024-12-13T20:59:33.378Z [INFO]: Updated watchlist entry for IPHA.
2024-12-13T20:59:33.386Z [INFO]: Watchlist updated. Monitoring 2 symbols.
2024-12-13T20:59:34.233Z [INFO]: Positions refreshed.
2024-12-13T20:59:36.247Z [INFO]: Positions refreshed.
2024-12-13T20:59:38.396Z [INFO]: Positions refreshed.
2024-12-13T20:59:40.246Z [INFO]: Positions refreshed.
2024-12-13T20:59:42.249Z [INFO]: Positions refreshed.
2024-12-13T20:59:44.241Z [INFO]: Positions refreshed.
2024-12-13T20:59:46.266Z [INFO]: Positions refreshed.
2024-12-13T20:59:47.053Z [INFO]: Dynamic config reloaded. Updated override symbols.
2024-12-13T20:59:47.917Z [INFO]: Updated watchlist entry for WKEY.
2024-12-13T20:59:48.246Z [INFO]: Positions refreshed.
2024-12-13T20:59:48.344Z [INFO]: Updated watchlist entry for IPHA.
2024-12-13T20:59:48.355Z [INFO]: Watchlist updated. Monitoring 2 symbols.
2024-12-13T20:59:50.245Z [INFO]: Positions refreshed.
2024-12-13T20:59:52.248Z [INFO]: Positions refreshed.
2024-12-13T20:59:54.246Z [INFO]: Positions refreshed.
2024-12-13T20:59:56.250Z [INFO]: Positions refreshed.
2024-12-13T20:59:58.248Z [INFO]: Positions refreshed.
2024-12-13T21:00:00.317Z [INFO]: Positions refreshed.
2024-12-13T21:00:02.055Z [INFO]: Dynamic config reloaded. Updated override symbols.
2024-12-13T21:00:02.259Z [INFO]: Positions refreshed.
2024-12-13T21:00:02.834Z [INFO]: Updated watchlist entry for WKEY.
2024-12-13T21:00:03.266Z [INFO]: Updated watchlist entry for IPHA.
2024-12-13T21:00:03.277Z [INFO]: Watchlist updated. Monitoring 2 symbols.
2024-12-13T21:00:04.254Z [INFO]: Positions refreshed.
2024-12-13T21:00:06.297Z [INFO]: Positions refreshed.
2024-12-13T21:00:08.260Z [INFO]: Positions refreshed.
2024-12-13T21:00:10.245Z [INFO]: Positions refreshed.
2024-12-13T21:00:12.259Z [INFO]: Positions refreshed.
2024-12-13T21:00:14.247Z [INFO]: Positions refreshed.
2024-12-13T21:00:16.264Z [INFO]: Positions refreshed.
2024-12-13T21:00:17.055Z [INFO]: Dynamic config reloaded. Updated override symbols.
2024-12-13T21:00:17.760Z [INFO]: Updated watchlist entry for WKEY.
2024-12-13T21:00:18.170Z [INFO]: Updated watchlist entry for IPHA.
2024-12-13T21:00:18.180Z [INFO]: Watchlist updated. Monitoring 2 symbols.
2024-12-13T21:00:18.260Z [INFO]: Positions refreshed.
2024-12-13T21:00:20.261Z [INFO]: Positions refreshed.
2024-12-13T21:00:22.279Z [INFO]: Positions refreshed.
2024-12-13T21:00:24.269Z [INFO]: Positions refreshed.
2024-12-13T21:00:26.271Z [INFO]: Positions refreshed.
2024-12-13T21:00:28.258Z [INFO]: Positions refreshed.
2024-12-13T21:00:30.261Z [INFO]: Positions refreshed.
2024-12-13T21:00:32.054Z [INFO]: Dynamic config reloaded. Updated override symbols.
2024-12-13T21:00:32.274Z [INFO]: Positions refreshed.
2024-12-13T21:00:32.810Z [INFO]: Updated watchlist entry for WKEY.
2024-12-13T21:00:33.188Z [INFO]: Updated watchlist entry for IPHA.
2024-12-13T21:00:33.196Z [INFO]: Watchlist updated. Monitoring 2 symbols.
2024-12-13T21:00:34.266Z [INFO]: Positions refreshed.
2024-12-13T21:00:36.266Z [INFO]: Positions refreshed.
2024-12-13T21:00:38.265Z [INFO]: Positions refreshed.
2024-12-13T21:00:40.308Z [INFO]: Positions refreshed.
2024-12-13T21:00:42.270Z [INFO]: Positions refreshed.
2024-12-13T21:00:44.272Z [INFO]: Positions refreshed.
2024-12-13T21:00:46.266Z [INFO]: Positions refreshed.
2024-12-13T21:00:47.052Z [INFO]: Dynamic config reloaded. Updated override symbols.
2024-12-13T21:00:47.752Z [INFO]: Updated watchlist entry for WKEY.
2024-12-13T21:00:48.170Z [INFO]: Updated watchlist entry for IPHA.
2024-12-13T21:00:48.180Z [INFO]: Watchlist updated. Monitoring 2 symbols.
2024-12-13T21:00:48.275Z [INFO]: Positions refreshed.
2024-12-13T21:00:50.264Z [INFO]: Positions refreshed.
2024-12-13T21:00:52.273Z [INFO]: Positions refreshed.
2024-12-13T21:00:54.274Z [INFO]: Positions refreshed.
2024-12-13T21:00:56.280Z [INFO]: Positions refreshed.
2024-12-13T21:00:58.289Z [INFO]: Positions refreshed.
2024-12-13T21:01:00.278Z [INFO]: Positions refreshed.
2024-12-13T21:01:02.058Z [INFO]: Dynamic config reloaded. Updated override symbols.
2024-12-13T21:01:02.281Z [INFO]: Positions refreshed.
2024-12-13T21:01:02.796Z [INFO]: Updated watchlist entry for WKEY.
2024-12-13T21:01:02.806Z [INFO]: Watchlist updated. Monitoring 2 symbols.
2024-12-13T21:01:04.275Z [INFO]: Positions refreshed.
2024-12-13T21:01:06.285Z [INFO]: Positions refreshed.
2024-12-13T21:01:08.288Z [INFO]: Positions refreshed.
2024-12-13T21:01:10.301Z [INFO]: Positions refreshed.
2024-12-13T21:01:12.281Z [INFO]: Positions refreshed.
2024-12-13T21:01:14.312Z [INFO]: Positions refreshed.
2024-12-13T21:01:16.310Z [INFO]: Positions refreshed.
2024-12-13T21:01:17.059Z [INFO]: Dynamic config reloaded. Updated override symbols.
2024-12-13T21:01:17.749Z [INFO]: Updated watchlist entry for WKEY.
2024-12-13T21:01:17.763Z [INFO]: Watchlist updated. Monitoring 2 symbols.
2024-12-13T21:01:18.300Z [INFO]: Positions refreshed.
2024-12-13T21:01:20.297Z [INFO]: Positions refreshed.
2024-12-13T21:01:22.287Z [INFO]: Positions refreshed.
2024-12-13T21:01:24.290Z [INFO]: Positions refreshed.
2024-12-13T21:01:26.300Z [INFO]: Positions refreshed.
2024-12-13T21:01:28.336Z [INFO]: Positions refreshed.
2024-12-13T21:01:30.289Z [INFO]: Positions refreshed.
2024-12-13T21:01:32.058Z [INFO]: Dynamic config reloaded. Updated override symbols.
2024-12-13T21:01:32.287Z [INFO]: Positions refreshed.
2024-12-13T21:01:32.743Z [INFO]: Updated watchlist entry for WKEY.
2024-12-13T21:01:32.754Z [INFO]: Watchlist updated. Monitoring 2 symbols.
2024-12-13T21:01:34.292Z [INFO]: Positions refreshed.
2024-12-13T21:01:36.296Z [INFO]: Positions refreshed.
2024-12-13T21:01:38.304Z [INFO]: Positions refreshed.
2024-12-13T21:01:40.299Z [INFO]: Positions refreshed.
2024-12-13T21:01:42.290Z [INFO]: Positions refreshed.
2024-12-13T21:01:44.304Z [INFO]: Positions refreshed.
2024-12-13T21:01:46.301Z [INFO]: Positions refreshed.
2024-12-13T21:01:47.060Z [INFO]: Dynamic config reloaded. Updated override symbols.
2024-12-13T21:01:47.739Z [INFO]: Updated watchlist entry for WKEY.
2024-12-13T21:01:47.747Z [INFO]: Watchlist updated. Monitoring 2 symbols.
2024-12-13T21:01:48.308Z [INFO]: Positions refreshed.
2024-12-13T21:01:50.308Z [INFO]: Positions refreshed.
2024-12-13T21:01:52.299Z [INFO]: Positions refreshed.
2024-12-13T21:01:54.299Z [INFO]: Positions refreshed.
2024-12-13T21:01:56.312Z [INFO]: Positions refreshed.
2024-12-13T21:01:58.794Z [INFO]: Polygon WebSocket connected.
2024-12-13T21:01:58.803Z [INFO]: Started polling for order statuses.
2024-12-13T21:01:59.107Z [INFO]: Polygon WebSocket connection opened.
2024-12-13T21:01:59.108Z [INFO]: Polygon WebSocket connected.
2024-12-13T21:01:59.162Z [INFO]: Polygon WebSocket authenticated.
2024-12-13T21:01:59.496Z [INFO]: Subscribed to WKEY quotes.
2024-12-13T21:01:59.498Z [INFO]: Added symbol WKEY to watchlist with HOD: $8.38
2024-12-13T21:02:13.803Z [INFO]: Dynamic config reloaded. Updated override symbols.
2024-12-13T21:02:14.520Z [INFO]: Added symbol WKEY to watchlist with HOD: $8.38
2024-12-13T21:02:28.806Z [INFO]: Dynamic config reloaded. Updated override symbols.
2024-12-13T21:02:29.589Z [INFO]: Added symbol WKEY to watchlist with HOD: $8.38
2024-12-13T21:02:43.803Z [INFO]: Dynamic config reloaded. Updated override symbols.
2024-12-13T21:02:44.451Z [INFO]: Added symbol WKEY to watchlist with HOD: $8.38
2024-12-13T21:02:58.806Z [INFO]: Dynamic config reloaded. Updated override symbols.
2024-12-13T21:02:59.488Z [INFO]: Added symbol WKEY to watchlist with HOD: $8.38
2024-12-13T21:03:13.829Z [INFO]: Dynamic config reloaded. Updated override symbols.
2024-12-13T21:03:14.559Z [INFO]: Added symbol WKEY to watchlist with HOD: $8.38
2024-12-13T21:03:28.810Z [INFO]: Dynamic config reloaded. Updated override symbols.
2024-12-13T21:03:29.542Z [INFO]: Added symbol WKEY to watchlist with HOD: $8.38
2024-12-13T21:03:43.813Z [INFO]: Dynamic config reloaded. Updated override symbols.
2024-12-13T21:03:44.482Z [INFO]: Added symbol WKEY to watchlist with HOD: $8.38
2024-12-13T21:03:58.816Z [INFO]: Dynamic config reloaded. Updated override symbols.
2024-12-13T21:03:59.512Z [INFO]: Added symbol WKEY to watchlist with HOD: $8.38
2024-12-13T21:04:13.816Z [INFO]: Dynamic config reloaded. Updated override symbols.
2024-12-13T21:04:14.523Z [INFO]: Added symbol WKEY to watchlist with HOD: $8.38
2024-12-13T21:04:28.815Z [INFO]: Dynamic config reloaded. Updated override symbols.
2024-12-13T21:04:29.584Z [INFO]: Added symbol WKEY to watchlist with HOD: $8.38
2024-12-13T21:04:43.822Z [INFO]: Dynamic config reloaded. Updated override symbols.
2024-12-13T21:04:44.514Z [INFO]: Added symbol WKEY to watchlist with HOD: $8.38
2024-12-13T21:04:58.817Z [INFO]: Dynamic config reloaded. Updated override symbols.
2024-12-13T21:04:59.560Z [INFO]: Added symbol WKEY to watchlist with HOD: $8.38
2024-12-13T21:05:13.833Z [INFO]: Dynamic config reloaded. Updated override symbols.
2024-12-13T21:05:14.486Z [INFO]: Added symbol WKEY to watchlist with HOD: $8.38
2024-12-13T21:05:27.318Z [INFO]: Polygon WebSocket connected.
2024-12-13T21:05:27.325Z [INFO]: Started polling for order statuses.
2024-12-13T21:05:27.503Z [INFO]: Polygon WebSocket connection opened.
2024-12-13T21:05:27.504Z [INFO]: Polygon WebSocket connected.
2024-12-13T21:05:27.556Z [INFO]: Polygon WebSocket authenticated.
2024-12-13T21:05:28.146Z [INFO]: Subscribed to WKEY quotes.
2024-12-13T21:05:28.148Z [INFO]: Added symbol WKEY to watchlist with HOD: $8.38
2024-12-13T21:08:37.923Z [INFO]: Polygon WebSocket connected.
2024-12-13T21:08:37.943Z [INFO]: Started polling for order statuses.
2024-12-13T21:08:38.114Z [INFO]: Polygon WebSocket connection opened.
2024-12-13T21:08:38.114Z [INFO]: Polygon WebSocket connected.
2024-12-13T21:08:38.163Z [INFO]: Polygon WebSocket authenticated.
2024-12-13T21:08:52.928Z [INFO]: Dynamic config reloaded. Updated override symbols.
2024-12-13T21:09:01.450Z [INFO]: Polygon WebSocket connected.
2024-12-13T21:09:01.457Z [INFO]: Started polling for order statuses.
2024-12-13T21:09:01.624Z [INFO]: Polygon WebSocket connection opened.
2024-12-13T21:09:01.625Z [INFO]: Polygon WebSocket connected.
2024-12-13T21:09:01.673Z [INFO]: Polygon WebSocket authenticated.
2024-12-13T21:09:01.891Z [INFO]: Subscribed to AVR quotes.
2024-12-13T21:09:01.895Z [INFO]: Added symbol AVR to watchlist with HOD: $6
2024-12-13T21:09:02.418Z [INFO]: Subscribed to WKEY quotes.
2024-12-13T21:09:02.424Z [INFO]: Added symbol WKEY to watchlist with HOD: $8.38
2024-12-13T21:09:02.596Z [INFO]: Subscribed to CGTL quotes.
2024-12-13T21:09:02.611Z [INFO]: Added symbol CGTL to watchlist with HOD: $7.5
2024-12-13T21:09:02.811Z [INFO]: Subscribed to SPAI quotes.
2024-12-13T21:09:02.817Z [INFO]: Added symbol SPAI to watchlist with HOD: $4.59
2024-12-13T21:09:02.994Z [INFO]: Subscribed to SOUNW quotes.
2024-12-13T21:09:03.001Z [INFO]: Added symbol SOUNW to watchlist with HOD: $8.49
2024-12-13T21:09:16.457Z [INFO]: Dynamic config reloaded. Updated override symbols.
2024-12-13T21:09:16.911Z [INFO]: Updated symbol AVR with new HOD: $6
2024-12-13T21:09:17.427Z [INFO]: Updated symbol WKEY with new HOD: $8.38
2024-12-13T21:09:17.602Z [INFO]: Updated symbol CGTL with new HOD: $7.5
2024-12-13T21:09:17.790Z [INFO]: Updated symbol SPAI with new HOD: $4.59
2024-12-13T21:09:17.973Z [INFO]: Updated symbol SOUNW with new HOD: $8.49
2024-12-13T21:09:25.275Z [INFO]: Polygon WebSocket connected.
2024-12-13T21:09:25.282Z [INFO]: Started polling for order statuses.
2024-12-13T21:09:25.442Z [INFO]: Polygon WebSocket connection opened.
2024-12-13T21:09:25.444Z [INFO]: Polygon WebSocket connected.
2024-12-13T21:09:25.495Z [INFO]: Polygon WebSocket authenticated.
2024-12-13T21:09:25.672Z [INFO]: Subscribed to AVR quotes.
2024-12-13T21:09:25.678Z [INFO]: Added symbol AVR to watchlist with HOD: $6
2024-12-13T21:09:26.228Z [INFO]: Subscribed to WKEY quotes.
2024-12-13T21:09:26.233Z [INFO]: Added symbol WKEY to watchlist with HOD: $8.38
2024-12-13T21:09:26.407Z [INFO]: Subscribed to CGTL quotes.
2024-12-13T21:09:26.421Z [INFO]: Added symbol CGTL to watchlist with HOD: $7.5
2024-12-13T21:09:26.607Z [INFO]: Subscribed to SPAI quotes.
2024-12-13T21:09:26.613Z [INFO]: Added symbol SPAI to watchlist with HOD: $4.59
2024-12-13T21:09:26.804Z [INFO]: Subscribed to SOUNW quotes.
2024-12-13T21:09:26.809Z [INFO]: Added symbol SOUNW to watchlist with HOD: $8.49
2024-12-13T21:10:32.544Z [INFO]: Polygon WebSocket connected.
2024-12-13T21:10:32.551Z [INFO]: Started polling for order statuses.
2024-12-13T21:10:32.751Z [INFO]: Polygon WebSocket connection opened.
2024-12-13T21:10:32.752Z [INFO]: Polygon WebSocket connected.
2024-12-13T21:10:32.804Z [INFO]: Polygon WebSocket authenticated.
2024-12-13T21:10:33.002Z [INFO]: Subscribed to AVR quotes.
2024-12-13T21:10:33.006Z [INFO]: Added symbol AVR to watchlist with HOD: $6
2024-12-13T21:10:33.611Z [INFO]: Subscribed to WKEY quotes.
2024-12-13T21:10:33.617Z [INFO]: Added symbol WKEY to watchlist with HOD: $8.38
2024-12-13T21:10:33.785Z [INFO]: Subscribed to CGTL quotes.
2024-12-13T21:10:33.789Z [INFO]: Added symbol CGTL to watchlist with HOD: $7.5
2024-12-13T21:10:33.987Z [INFO]: Subscribed to SPAI quotes.
2024-12-13T21:10:33.993Z [INFO]: Added symbol SPAI to watchlist with HOD: $4.59
2024-12-13T21:10:34.163Z [INFO]: Subscribed to SOUNW quotes.
2024-12-13T21:10:34.166Z [INFO]: Added symbol SOUNW to watchlist with HOD: $8.49
2024-12-13T21:10:47.560Z [INFO]: Dynamic config reloaded. Updated override symbols.
2024-12-13T21:10:47.561Z [INFO]: Subscribed to WU quotes.
2024-12-13T21:10:47.986Z [INFO]: Updated symbol AVR with new HOD: $6
2024-12-13T21:10:48.516Z [INFO]: Updated symbol WKEY with new HOD: $8.38
2024-12-13T21:10:48.696Z [INFO]: Updated symbol CGTL with new HOD: $7.5
2024-12-13T21:10:48.907Z [INFO]: Updated symbol SPAI with new HOD: $4.59
2024-12-13T21:10:49.096Z [INFO]: Updated symbol SOUNW with new HOD: $8.49
2024-12-13T21:10:49.949Z [INFO]: HOD updated for WU: $11.54
2024-12-13T21:10:49.949Z [INFO]: Entry Trigger Price updated for WU: $11.64
2024-12-13T21:10:49.963Z [INFO]: HOD updated for WU: $11.54
2024-12-13T21:10:49.963Z [INFO]: Entry Trigger Price updated for WU: $11.64
2024-12-13T21:11:02.554Z [INFO]: Dynamic config reloaded. Updated override symbols.
2024-12-13T21:11:02.967Z [INFO]: Updated symbol AVR with new HOD: $6
2024-12-13T21:11:03.479Z [INFO]: Updated symbol WKEY with new HOD: $8.38
2024-12-13T21:11:03.638Z [INFO]: Updated symbol CGTL with new HOD: $7.5
2024-12-13T21:11:03.842Z [INFO]: Updated symbol SPAI with new HOD: $4.59
2024-12-13T21:11:04.027Z [INFO]: Updated symbol SOUNW with new HOD: $8.49
2024-12-13T21:11:06.663Z [INFO]: Polygon WebSocket connected.
2024-12-13T21:11:06.671Z [INFO]: Started polling for order statuses.
2024-12-13T21:11:06.836Z [INFO]: Polygon WebSocket connection opened.
2024-12-13T21:11:06.837Z [INFO]: Polygon WebSocket connected.
2024-12-13T21:11:06.887Z [INFO]: Polygon WebSocket authenticated.
2024-12-13T21:11:07.108Z [INFO]: Subscribed to AVR quotes.
2024-12-13T21:11:07.114Z [INFO]: Added symbol AVR to watchlist with HOD: $6
2024-12-13T21:11:07.630Z [INFO]: Subscribed to WKEY quotes.
2024-12-13T21:11:07.637Z [INFO]: Added symbol WKEY to watchlist with HOD: $8.38
2024-12-13T21:11:07.824Z [INFO]: Subscribed to CGTL quotes.
2024-12-13T21:11:07.835Z [INFO]: Added symbol CGTL to watchlist with HOD: $7.5
2024-12-13T21:11:08.045Z [INFO]: Subscribed to SPAI quotes.
2024-12-13T21:11:08.051Z [INFO]: Added symbol SPAI to watchlist with HOD: $4.59
2024-12-13T21:11:08.225Z [INFO]: Subscribed to SOUNW quotes.
2024-12-13T21:11:08.232Z [INFO]: Added symbol SOUNW to watchlist with HOD: $8.49
2024-12-13T21:11:21.676Z [INFO]: Dynamic config reloaded. Updated override symbols.
2024-12-13T21:11:21.677Z [INFO]: Subscribed to WU quotes.
2024-12-13T21:11:22.121Z [INFO]: Updated symbol AVR with new HOD: $6
2024-12-13T21:11:22.680Z [INFO]: Updated symbol WKEY with new HOD: $8.38
2024-12-13T21:11:22.858Z [INFO]: Updated symbol CGTL with new HOD: $7.5
2024-12-13T21:11:23.048Z [INFO]: Updated symbol SPAI with new HOD: $4.59
2024-12-13T21:11:23.212Z [INFO]: HOD updated for WU: $11.54
2024-12-13T21:11:23.212Z [INFO]: Entry Trigger Price updated for WU: $11.56
2024-12-13T21:11:23.232Z [INFO]: HOD updated for WU: $11.54
2024-12-13T21:11:23.232Z [INFO]: Entry Trigger Price updated for WU: $11.56
2024-12-13T21:11:23.245Z [INFO]: HOD updated for WU: $11.54
2024-12-13T21:11:23.245Z [INFO]: Entry Trigger Price updated for WU: $11.56
2024-12-13T21:11:23.254Z [INFO]: HOD updated for WU: $11.54
2024-12-13T21:11:23.254Z [INFO]: Entry Trigger Price updated for WU: $11.56
2024-12-13T21:11:23.264Z [INFO]: HOD updated for WU: $11.54
2024-12-13T21:11:23.264Z [INFO]: Entry Trigger Price updated for WU: $11.56
2024-12-13T21:11:23.267Z [INFO]: Updated symbol SOUNW with new HOD: $8.49
2024-12-13T21:11:23.280Z [INFO]: HOD updated for WU: $11.54
2024-12-13T21:11:23.280Z [INFO]: Entry Trigger Price updated for WU: $11.56
2024-12-13T21:11:36.679Z [INFO]: Dynamic config reloaded. Updated override symbols.
2024-12-13T21:11:37.129Z [INFO]: Updated symbol AVR with new HOD: $6
2024-12-13T21:11:37.693Z [INFO]: Updated symbol WKEY with new HOD: $8.38
2024-12-13T21:11:37.888Z [INFO]: Updated symbol CGTL with new HOD: $7.5
2024-12-13T21:11:38.097Z [INFO]: Updated symbol SPAI with new HOD: $4.59
2024-12-13T21:11:38.281Z [INFO]: Updated symbol SOUNW with new HOD: $8.49
2024-12-13T21:11:51.680Z [INFO]: Dynamic config reloaded. Updated override symbols.
2024-12-13T21:11:52.365Z [INFO]: Updated symbol AVR with new HOD: $6
2024-12-13T21:11:52.934Z [INFO]: Updated symbol WKEY with new HOD: $8.38
2024-12-13T21:11:53.105Z [INFO]: Updated symbol CGTL with new HOD: $7.5
2024-12-13T21:11:53.313Z [INFO]: Updated symbol SPAI with new HOD: $4.59
2024-12-13T21:11:53.488Z [INFO]: Updated symbol SOUNW with new HOD: $8.49
2024-12-13T21:12:06.679Z [INFO]: Dynamic config reloaded. Updated override symbols.
2024-12-13T21:12:07.123Z [INFO]: Updated symbol AVR with new HOD: $6
2024-12-13T21:12:07.833Z [INFO]: Updated symbol WKEY with new HOD: $8.38
2024-12-13T21:12:08.012Z [INFO]: Updated symbol CGTL with new HOD: $7.5
2024-12-13T21:12:46.562Z [INFO]: Polygon WebSocket connected.
2024-12-13T21:12:46.572Z [INFO]: Started polling for order statuses.
2024-12-13T21:12:46.748Z [INFO]: Polygon WebSocket connection opened.
2024-12-13T21:12:46.749Z [INFO]: Polygon WebSocket connected.
2024-12-13T21:12:46.795Z [INFO]: Polygon WebSocket authenticated.
2024-12-13T21:12:47.024Z [INFO]: Subscribed to AVR quotes.
2024-12-13T21:12:47.029Z [INFO]: Added symbol AVR to watchlist with HOD: $6
2024-12-13T21:12:47.601Z [INFO]: Subscribed to WKEY quotes.
2024-12-13T21:12:47.605Z [INFO]: Added symbol WKEY to watchlist with HOD: $8.38
2024-12-13T21:13:01.576Z [INFO]: Dynamic config reloaded. Updated override symbols.
2024-12-13T21:13:01.576Z [INFO]: Subscribed to WU quotes.
2024-12-13T21:13:02.030Z [INFO]: Updated symbol AVR with new HOD: $6
2024-12-13T21:13:02.551Z [INFO]: Updated symbol WKEY with new HOD: $8.38
2024-12-13T21:13:08.136Z [INFO]: HOD updated for WU: $11.54
2024-12-13T21:13:08.137Z [INFO]: Entry Trigger Price updated for WU: $11.56
2024-12-13T21:13:08.169Z [INFO]: HOD updated for WU: $11.54
2024-12-13T21:13:08.169Z [INFO]: Entry Trigger Price updated for WU: $11.56
2024-12-13T21:13:08.180Z [INFO]: HOD updated for WU: $11.54
2024-12-13T21:13:08.180Z [INFO]: Entry Trigger Price updated for WU: $11.56
2024-12-13T21:13:08.188Z [INFO]: HOD updated for WU: $11.54
2024-12-13T21:13:08.188Z [INFO]: Entry Trigger Price updated for WU: $11.56
2024-12-13T21:13:08.198Z [INFO]: HOD updated for WU: $11.54
2024-12-13T21:13:08.198Z [INFO]: Entry Trigger Price updated for WU: $11.56
2024-12-13T21:13:08.206Z [INFO]: HOD updated for WU: $11.54
2024-12-13T21:13:08.206Z [INFO]: Entry Trigger Price updated for WU: $11.56
2024-12-13T21:13:16.574Z [INFO]: Dynamic config reloaded. Updated override symbols.
2024-12-13T21:13:17.009Z [INFO]: Updated symbol AVR with new HOD: $6
2024-12-13T21:13:17.527Z [INFO]: Updated symbol WKEY with new HOD: $8.38
2024-12-13T21:13:31.579Z [INFO]: Dynamic config reloaded. Updated override symbols.
2024-12-13T21:13:32.001Z [INFO]: Updated symbol AVR with new HOD: $6
2024-12-13T21:13:32.612Z [INFO]: Updated symbol WKEY with new HOD: $8.38
2024-12-13T21:13:46.577Z [INFO]: Dynamic config reloaded. Updated override symbols.
2024-12-13T21:13:47.002Z [INFO]: Updated symbol AVR with new HOD: $6
2024-12-13T21:13:47.541Z [INFO]: Updated symbol WKEY with new HOD: $8.38
2024-12-13T21:14:01.580Z [INFO]: Dynamic config reloaded. Updated override symbols.
2024-12-13T21:14:01.965Z [INFO]: Updated symbol AVR with new HOD: $6
2024-12-13T21:14:02.573Z [INFO]: Updated symbol WKEY with new HOD: $8.38
2024-12-13T21:14:16.579Z [INFO]: Dynamic config reloaded. Updated override symbols.
2024-12-13T21:14:17.000Z [INFO]: Updated symbol AVR with new HOD: $6
2024-12-13T21:14:17.544Z [INFO]: Updated symbol WKEY with new HOD: $8.38
2024-12-13T21:14:31.591Z [INFO]: Dynamic config reloaded. Updated override symbols.
2024-12-13T21:14:32.005Z [INFO]: Updated symbol AVR with new HOD: $6
2024-12-13T21:14:32.605Z [INFO]: Updated symbol WKEY with new HOD: $8.38
2024-12-13T21:14:46.580Z [INFO]: Dynamic config reloaded. Updated override symbols.
2024-12-13T21:14:47.010Z [INFO]: Updated symbol AVR with new HOD: $6
2024-12-13T21:14:47.707Z [INFO]: Updated symbol WKEY with new HOD: $8.38
2024-12-13T21:15:01.582Z [INFO]: Dynamic config reloaded. Updated override symbols.
2024-12-13T21:15:02.038Z [INFO]: Updated symbol AVR with new HOD: $6
2024-12-13T21:15:02.573Z [INFO]: Updated symbol WKEY with new HOD: $8.38
2024-12-13T21:15:16.584Z [INFO]: Dynamic config reloaded. Updated override symbols.
2024-12-13T21:15:17.047Z [INFO]: Updated symbol AVR with new HOD: $6
2024-12-13T21:15:17.606Z [INFO]: Updated symbol WKEY with new HOD: $8.38
2024-12-13T21:15:31.584Z [INFO]: Dynamic config reloaded. Updated override symbols.
2024-12-13T21:15:32.059Z [INFO]: Updated symbol AVR with new HOD: $6
2024-12-13T21:15:32.594Z [INFO]: Updated symbol WKEY with new HOD: $8.38
2024-12-13T21:15:46.585Z [INFO]: Dynamic config reloaded. Updated override symbols.
2024-12-13T21:15:46.960Z [INFO]: Updated symbol AVR with new HOD: $6
2024-12-13T21:15:47.525Z [INFO]: Updated symbol WKEY with new HOD: $8.38
2024-12-13T21:16:01.586Z [INFO]: Dynamic config reloaded. Updated override symbols.
2024-12-13T21:16:02.003Z [INFO]: Updated symbol AVR with new HOD: $6
2024-12-13T21:16:02.512Z [INFO]: Updated symbol WKEY with new HOD: $8.38
2024-12-13T21:16:16.588Z [INFO]: Dynamic config reloaded. Updated override symbols.
2024-12-13T21:16:17.008Z [INFO]: Updated symbol AVR with new HOD: $6
2024-12-13T21:16:17.545Z [INFO]: Updated symbol WKEY with new HOD: $8.38
2024-12-13T21:16:31.590Z [INFO]: Dynamic config reloaded. Updated override symbols.
2024-12-13T21:16:31.959Z [INFO]: Updated symbol AVR with new HOD: $6
2024-12-13T21:16:32.465Z [INFO]: Updated symbol WKEY with new HOD: $8.38
2024-12-13T21:16:46.590Z [INFO]: Dynamic config reloaded. Updated override symbols.
2024-12-13T21:16:47.184Z [INFO]: Updated symbol AVR with new HOD: $6
2024-12-13T21:16:47.688Z [INFO]: Updated symbol WKEY with new HOD: $8.38
2024-12-13T21:17:01.589Z [INFO]: Dynamic config reloaded. Updated override symbols.
2024-12-13T21:17:02.012Z [INFO]: Updated symbol AVR with new HOD: $6
2024-12-13T21:17:02.515Z [INFO]: Updated symbol WKEY with new HOD: $8.38
2024-12-13T21:17:15.545Z [INFO]: Polygon WebSocket connected.
2024-12-13T21:17:15.555Z [INFO]: Started polling for order statuses.
2024-12-13T21:17:15.725Z [INFO]: Polygon WebSocket connection opened.
2024-12-13T21:17:15.726Z [INFO]: Polygon WebSocket connected.
2024-12-13T21:17:15.745Z [INFO]: Watchlist updated. Monitoring 0 symbols.
2024-12-13T21:17:15.773Z [INFO]: Polygon WebSocket authenticated.
2024-12-13T21:17:30.554Z [INFO]: Dynamic config reloaded. Updated override symbols.
2024-12-13T21:17:30.554Z [INFO]: Subscribed to WU quotes.
2024-12-13T21:17:30.558Z [INFO]: Symbol WU added to watchlist due to override add list.
2024-12-13T21:17:30.744Z [INFO]: Watchlist updated. Monitoring 1 symbols.
2024-12-13T21:17:37.722Z [INFO]: HOD updated for WU: $11.54
2024-12-13T21:17:37.722Z [INFO]: Entry Trigger Price updated for WU: $11.56
2024-12-13T21:17:37.748Z [INFO]: HOD updated for WU: $11.54
2024-12-13T21:17:37.748Z [INFO]: Entry Trigger Price updated for WU: $11.56
2024-12-13T21:17:37.768Z [INFO]: HOD updated for WU: $11.54
2024-12-13T21:17:37.768Z [INFO]: Entry Trigger Price updated for WU: $11.56
2024-12-13T21:17:37.791Z [INFO]: HOD updated for WU: $11.54
2024-12-13T21:17:37.791Z [INFO]: Entry Trigger Price updated for WU: $11.56
2024-12-13T21:17:37.803Z [INFO]: HOD updated for WU: $11.54
2024-12-13T21:17:37.803Z [INFO]: Entry Trigger Price updated for WU: $11.56
2024-12-13T21:17:37.810Z [INFO]: HOD updated for WU: $11.54
2024-12-13T21:17:37.810Z [INFO]: Entry Trigger Price updated for WU: $11.56
2024-12-13T21:17:37.817Z [INFO]: HOD updated for WU: $11.54
2024-12-13T21:17:37.817Z [INFO]: Entry Trigger Price updated for WU: $11.56
2024-12-13T21:17:37.824Z [INFO]: HOD updated for WU: $11.54
2024-12-13T21:17:37.824Z [INFO]: Entry Trigger Price updated for WU: $11.56
2024-12-13T21:17:37.833Z [INFO]: HOD updated for WU: $11.54
2024-12-13T21:17:37.833Z [INFO]: Entry Trigger Price updated for WU: $11.56
2024-12-13T21:17:37.841Z [INFO]: HOD updated for WU: $11.54
2024-12-13T21:17:37.841Z [INFO]: Entry Trigger Price updated for WU: $11.56
2024-12-13T21:17:37.849Z [INFO]: HOD updated for WU: $11.54
2024-12-13T21:17:37.849Z [INFO]: Entry Trigger Price updated for WU: $11.56
2024-12-13T21:17:37.856Z [INFO]: HOD updated for WU: $11.54
2024-12-13T21:17:37.856Z [INFO]: Entry Trigger Price updated for WU: $11.56
2024-12-13T21:17:37.866Z [INFO]: HOD updated for WU: $11.54
2024-12-13T21:17:37.866Z [INFO]: Entry Trigger Price updated for WU: $11.56
2024-12-13T21:17:37.873Z [INFO]: HOD updated for WU: $11.54
2024-12-13T21:17:37.873Z [INFO]: Entry Trigger Price updated for WU: $11.56
2024-12-13T21:17:37.880Z [INFO]: HOD updated for WU: $11.54
2024-12-13T21:17:37.880Z [INFO]: Entry Trigger Price updated for WU: $11.56
2024-12-13T21:17:37.887Z [INFO]: HOD updated for WU: $11.54
2024-12-13T21:17:37.887Z [INFO]: Entry Trigger Price updated for WU: $11.56
2024-12-13T21:17:37.894Z [INFO]: HOD updated for WU: $11.54
2024-12-13T21:17:37.894Z [INFO]: Entry Trigger Price updated for WU: $11.56
2024-12-13T21:17:37.902Z [INFO]: HOD updated for WU: $11.54
2024-12-13T21:17:37.902Z [INFO]: Entry Trigger Price updated for WU: $11.56
2024-12-13T21:17:37.912Z [INFO]: HOD updated for WU: $11.54
2024-12-13T21:17:37.912Z [INFO]: Entry Trigger Price updated for WU: $11.56
2024-12-13T21:17:37.922Z [INFO]: HOD updated for WU: $11.54
2024-12-13T21:17:37.922Z [INFO]: Entry Trigger Price updated for WU: $11.56
2024-12-13T21:17:45.557Z [INFO]: Dynamic config reloaded. Updated override symbols.
2024-12-13T21:17:45.741Z [INFO]: Watchlist updated. Monitoring 1 symbols.
2024-12-13T21:18:08.329Z [INFO]: Polygon WebSocket connected.
2024-12-13T21:18:08.336Z [INFO]: Started polling for order statuses.
2024-12-13T21:18:08.496Z [INFO]: Polygon WebSocket connection opened.
2024-12-13T21:18:08.497Z [INFO]: Polygon WebSocket connected.
2024-12-13T21:18:08.544Z [INFO]: Polygon WebSocket authenticated.
2024-12-13T21:18:08.729Z [INFO]: Subscribed to AVR quotes.
2024-12-13T21:18:08.735Z [INFO]: Added symbol AVR to watchlist with HOD: $6
2024-12-13T21:18:09.259Z [INFO]: Subscribed to WKEY quotes.
2024-12-13T21:18:09.265Z [INFO]: Added symbol WKEY to watchlist with HOD: $8.38
2024-12-13T21:18:09.290Z [INFO]: Watchlist updated. Monitoring 2 symbols.
2024-12-13T21:18:23.340Z [INFO]: Dynamic config reloaded. Updated override symbols.
2024-12-13T21:18:23.341Z [INFO]: Subscribed to WU quotes.
2024-12-13T21:18:23.346Z [INFO]: Symbol WU added to watchlist due to override add list.
2024-12-13T21:18:23.739Z [INFO]: Updated symbol AVR with new HOD: $6
2024-12-13T21:18:24.254Z [INFO]: Updated symbol WKEY with new HOD: $8.38
2024-12-13T21:18:24.263Z [INFO]: Watchlist updated. Monitoring 3 symbols.
2024-12-13T21:18:33.564Z [INFO]: HOD updated for WU: $11.54
2024-12-13T21:18:33.564Z [INFO]: Entry Trigger Price updated for WU: $11.56
2024-12-13T21:18:33.588Z [INFO]: HOD updated for WU: $11.54
2024-12-13T21:18:33.588Z [INFO]: Entry Trigger Price updated for WU: $11.56
2024-12-13T21:18:33.601Z [INFO]: HOD updated for WU: $11.54
2024-12-13T21:18:33.601Z [INFO]: Entry Trigger Price updated for WU: $11.56
2024-12-13T21:18:33.610Z [INFO]: HOD updated for WU: $11.54
2024-12-13T21:18:33.610Z [INFO]: Entry Trigger Price updated for WU: $11.56
2024-12-13T21:18:33.618Z [INFO]: HOD updated for WU: $11.54
2024-12-13T21:18:33.618Z [INFO]: Entry Trigger Price updated for WU: $11.56
2024-12-13T21:18:33.631Z [INFO]: HOD updated for WU: $11.54
2024-12-13T21:18:33.631Z [INFO]: Entry Trigger Price updated for WU: $11.56
2024-12-13T21:18:33.638Z [INFO]: HOD updated for WU: $11.54
2024-12-13T21:18:33.638Z [INFO]: Entry Trigger Price updated for WU: $11.56
2024-12-13T21:18:33.644Z [INFO]: HOD updated for WU: $11.54
2024-12-13T21:18:33.645Z [INFO]: Entry Trigger Price updated for WU: $11.56
2024-12-13T21:18:33.651Z [INFO]: HOD updated for WU: $11.54
2024-12-13T21:18:33.651Z [INFO]: Entry Trigger Price updated for WU: $11.56
2024-12-13T21:18:33.658Z [INFO]: HOD updated for WU: $11.54
2024-12-13T21:18:33.658Z [INFO]: Entry Trigger Price updated for WU: $11.56
2024-12-13T21:18:33.665Z [INFO]: HOD updated for WU: $11.54
2024-12-13T21:18:33.665Z [INFO]: Entry Trigger Price updated for WU: $11.56
2024-12-13T21:18:33.673Z [INFO]: HOD updated for WU: $11.54
2024-12-13T21:18:33.673Z [INFO]: Entry Trigger Price updated for WU: $11.56
2024-12-13T21:18:38.349Z [INFO]: Dynamic config reloaded. Updated override symbols.
2024-12-13T21:18:38.778Z [INFO]: Updated symbol AVR with new HOD: $6
2024-12-13T21:18:39.287Z [INFO]: Updated symbol WKEY with new HOD: $8.38
2024-12-13T21:18:39.296Z [INFO]: Watchlist updated. Monitoring 3 symbols.
2024-12-13T21:18:46.732Z [INFO]: Polygon WebSocket connected.
2024-12-13T21:18:46.739Z [INFO]: Started polling for order statuses.
2024-12-13T21:18:46.927Z [INFO]: Polygon WebSocket connection opened.
2024-12-13T21:18:46.928Z [INFO]: Polygon WebSocket connected.
2024-12-13T21:18:46.976Z [INFO]: Polygon WebSocket authenticated.
2024-12-13T21:18:47.184Z [INFO]: Subscribed to AVR quotes.
2024-12-13T21:18:47.191Z [INFO]: Added symbol AVR to watchlist with HOD: $6
2024-12-13T21:18:47.714Z [INFO]: Subscribed to WKEY quotes.
2024-12-13T21:18:47.721Z [INFO]: Added symbol WKEY to watchlist with HOD: $8.38
2024-12-13T21:18:47.745Z [INFO]: Watchlist updated. Monitoring 2 symbols.
2024-12-13T21:19:01.745Z [INFO]: Dynamic config reloaded. Updated override symbols.
2024-12-13T21:19:01.746Z [INFO]: Subscribed to WU quotes.
2024-12-13T21:19:01.750Z [INFO]: Symbol WU added to watchlist due to override add list.
2024-12-13T21:19:02.137Z [INFO]: HOD updated for WU: $11.54
2024-12-13T21:19:02.137Z [INFO]: Entry Trigger Price updated for WU: $10.94
2024-12-13T21:19:02.149Z [INFO]: HOD updated for WU: $11.54
2024-12-13T21:19:02.150Z [INFO]: Entry Trigger Price updated for WU: $10.94
2024-12-13T21:19:02.188Z [INFO]: Updated symbol AVR with new HOD: $6
2024-12-13T21:19:02.725Z [INFO]: Updated symbol WKEY with new HOD: $8.38
2024-12-13T21:19:02.742Z [INFO]: Watchlist updated. Monitoring 3 symbols.
2024-12-13T21:19:16.746Z [INFO]: Dynamic config reloaded. Updated override symbols.
2024-12-13T21:19:17.180Z [INFO]: Updated symbol AVR with new HOD: $6
2024-12-13T21:19:17.672Z [INFO]: Updated symbol WKEY with new HOD: $8.38
2024-12-13T21:19:17.682Z [INFO]: Watchlist updated. Monitoring 3 symbols.
2024-12-13T21:19:31.744Z [INFO]: Dynamic config reloaded. Updated override symbols.
2024-12-13T21:19:32.161Z [INFO]: Updated symbol AVR with new HOD: $6
2024-12-13T21:19:32.691Z [INFO]: Updated symbol WKEY with new HOD: $8.38
2024-12-13T21:19:32.701Z [INFO]: Watchlist updated. Monitoring 3 symbols.
2024-12-13T21:19:46.745Z [INFO]: Dynamic config reloaded. Updated override symbols.
2024-12-13T21:19:47.382Z [INFO]: Updated symbol AVR with new HOD: $6
2024-12-13T21:19:47.886Z [INFO]: Updated symbol WKEY with new HOD: $8.38
2024-12-13T21:19:47.893Z [INFO]: Watchlist updated. Monitoring 3 symbols.
2024-12-13T21:20:01.744Z [INFO]: Dynamic config reloaded. Updated override symbols.
2024-12-13T21:20:02.195Z [INFO]: Updated symbol AVR with new HOD: $6
2024-12-13T21:20:02.728Z [INFO]: Updated symbol WKEY with new HOD: $8.38
2024-12-13T21:20:02.733Z [INFO]: Watchlist updated. Monitoring 3 symbols.
2024-12-13T21:20:16.744Z [INFO]: Dynamic config reloaded. Updated override symbols.
2024-12-13T21:20:17.150Z [INFO]: Updated symbol AVR with new HOD: $6
2024-12-13T21:20:17.662Z [INFO]: Updated symbol WKEY with new HOD: $8.38
2024-12-13T21:20:17.668Z [INFO]: Watchlist updated. Monitoring 3 symbols.
2024-12-13T21:20:31.746Z [INFO]: Dynamic config reloaded. Updated override symbols.
2024-12-13T21:20:32.144Z [INFO]: Updated symbol AVR with new HOD: $6
2024-12-13T21:20:32.660Z [INFO]: Updated symbol WKEY with new HOD: $8.38
2024-12-13T21:20:32.665Z [INFO]: Watchlist updated. Monitoring 3 symbols.
2024-12-13T21:20:46.745Z [INFO]: Dynamic config reloaded. Updated override symbols.
2024-12-13T21:20:47.113Z [INFO]: Updated symbol AVR with new HOD: $6
2024-12-13T21:20:47.655Z [INFO]: Updated symbol WKEY with new HOD: $8.38
2024-12-13T21:20:47.660Z [INFO]: Watchlist updated. Monitoring 3 symbols.
2024-12-13T21:21:01.747Z [INFO]: Dynamic config reloaded. Updated override symbols.
2024-12-13T21:21:02.119Z [INFO]: Updated symbol AVR with new HOD: $6
2024-12-13T21:21:02.616Z [INFO]: Updated symbol WKEY with new HOD: $8.38
2024-12-13T21:21:02.621Z [INFO]: Watchlist updated. Monitoring 3 symbols.
2024-12-13T21:21:16.747Z [INFO]: Dynamic config reloaded. Updated override symbols.
2024-12-13T21:21:17.311Z [INFO]: Updated symbol AVR with new HOD: $6
2024-12-13T21:21:17.810Z [INFO]: Updated symbol WKEY with new HOD: $8.38
2024-12-13T21:21:17.815Z [INFO]: Watchlist updated. Monitoring 3 symbols.
2024-12-13T21:21:31.747Z [INFO]: Dynamic config reloaded. Updated override symbols.
2024-12-13T21:21:32.168Z [INFO]: Updated symbol AVR with new HOD: $6
2024-12-13T21:21:32.669Z [INFO]: Updated symbol WKEY with new HOD: $8.38
2024-12-13T21:21:32.674Z [INFO]: Watchlist updated. Monitoring 3 symbols.
2024-12-13T21:21:46.751Z [INFO]: Dynamic config reloaded. Updated override symbols.
2024-12-13T21:21:47.194Z [INFO]: Updated symbol AVR with new HOD: $6
2024-12-13T21:21:47.709Z [INFO]: Updated symbol WKEY with new HOD: $8.38
2024-12-13T21:21:47.715Z [INFO]: Watchlist updated. Monitoring 3 symbols.
2024-12-13T21:22:01.748Z [INFO]: Dynamic config reloaded. Updated override symbols.
2024-12-13T21:22:02.163Z [INFO]: Updated symbol AVR with new HOD: $6
2024-12-13T21:22:02.655Z [INFO]: Updated symbol WKEY with new HOD: $8.38
2024-12-13T21:22:02.664Z [INFO]: Watchlist updated. Monitoring 3 symbols.
2024-12-13T21:22:16.750Z [INFO]: Dynamic config reloaded. Updated override symbols.
2024-12-13T21:22:17.145Z [INFO]: Updated symbol AVR with new HOD: $6
2024-12-13T21:22:17.768Z [INFO]: Updated symbol WKEY with new HOD: $8.38
2024-12-13T21:22:17.774Z [INFO]: Watchlist updated. Monitoring 3 symbols.
2024-12-13T21:22:31.748Z [INFO]: Dynamic config reloaded. Updated override symbols.
2024-12-13T21:22:32.194Z [INFO]: Updated symbol AVR with new HOD: $6
2024-12-13T21:22:32.697Z [INFO]: Updated symbol WKEY with new HOD: $8.38
2024-12-13T21:22:32.703Z [INFO]: Watchlist updated. Monitoring 3 symbols.
2024-12-13T21:22:46.752Z [INFO]: Dynamic config reloaded. Updated override symbols.
2024-12-13T21:22:47.163Z [INFO]: Updated symbol AVR with new HOD: $6
2024-12-13T21:22:47.670Z [INFO]: Updated symbol WKEY with new HOD: $8.38
2024-12-13T21:22:47.675Z [INFO]: Watchlist updated. Monitoring 3 symbols.
2024-12-13T21:23:01.750Z [INFO]: Dynamic config reloaded. Updated override symbols.
2024-12-13T21:23:02.262Z [INFO]: Updated symbol AVR with new HOD: $6
2024-12-13T21:23:02.775Z [INFO]: Updated symbol WKEY with new HOD: $8.38
2024-12-13T21:23:02.781Z [INFO]: Watchlist updated. Monitoring 3 symbols.
2024-12-13T21:23:16.818Z [INFO]: Dynamic config reloaded. Updated override symbols.
2024-12-13T21:23:17.350Z [INFO]: Updated symbol AVR with new HOD: $6
2024-12-13T21:23:17.981Z [INFO]: Updated symbol WKEY with new HOD: $8.38
2024-12-13T21:23:17.997Z [INFO]: Watchlist updated. Monitoring 3 symbols.
2024-12-13T21:23:31.770Z [INFO]: Dynamic config reloaded. Updated override symbols.
2024-12-13T21:23:32.163Z [INFO]: Updated symbol AVR with new HOD: $6
2024-12-13T21:23:32.689Z [INFO]: Updated symbol WKEY with new HOD: $8.38
2024-12-13T21:23:32.694Z [INFO]: Watchlist updated. Monitoring 3 symbols.
2024-12-13T21:23:46.776Z [INFO]: Dynamic config reloaded. Updated override symbols.
2024-12-13T21:23:47.162Z [INFO]: Updated symbol AVR with new HOD: $6
2024-12-13T21:23:47.675Z [INFO]: Updated symbol WKEY with new HOD: $8.38
2024-12-13T21:23:47.683Z [INFO]: Watchlist updated. Monitoring 3 symbols.
2024-12-13T21:24:56.067Z [INFO]: Polygon WebSocket connected.
2024-12-13T21:24:56.072Z [INFO]: Started polling for order statuses.
2024-12-13T21:24:56.228Z [INFO]: Polygon WebSocket connection opened.
2024-12-13T21:24:56.229Z [INFO]: Polygon WebSocket connected.
2024-12-13T21:24:56.279Z [INFO]: Polygon WebSocket authenticated.
2024-12-13T21:24:56.317Z [INFO]: Watchlist updated. Monitoring 0 symbols.
2024-12-13T21:25:11.076Z [INFO]: Dynamic config reloaded. Updated override symbols.
2024-12-13T21:25:11.077Z [INFO]: Subscribed to WU quotes.
2024-12-13T21:25:11.079Z [INFO]: Symbol WU added to watchlist due to override add list.
2024-12-13T21:25:11.441Z [INFO]: Watchlist updated. Monitoring 1 symbols.
2024-12-13T21:25:26.075Z [INFO]: Dynamic config reloaded. Updated override symbols.
2024-12-13T21:25:26.231Z [INFO]: Watchlist updated. Monitoring 1 symbols.
2024-12-13T21:25:41.077Z [INFO]: Dynamic config reloaded. Updated override symbols.
2024-12-13T21:25:41.246Z [INFO]: Watchlist updated. Monitoring 1 symbols.
2024-12-13T21:25:56.086Z [INFO]: Dynamic config reloaded. Updated override symbols.
2024-12-13T21:25:56.254Z [INFO]: Watchlist updated. Monitoring 1 symbols.
2024-12-13T21:26:11.081Z [INFO]: Dynamic config reloaded. Updated override symbols.
2024-12-13T21:26:11.244Z [INFO]: Watchlist updated. Monitoring 1 symbols.
2024-12-13T21:26:26.082Z [INFO]: Dynamic config reloaded. Updated override symbols.
2024-12-13T21:26:26.251Z [INFO]: Watchlist updated. Monitoring 1 symbols.
2024-12-13T21:26:31.794Z [INFO]: Polygon WebSocket connected.
2024-12-13T21:26:31.800Z [INFO]: Started polling for order statuses.
2024-12-13T21:26:32.022Z [INFO]: Watchlist updated. Monitoring 0 symbols.
2024-12-13T21:26:32.044Z [INFO]: Polygon WebSocket connection opened.
2024-12-13T21:26:32.047Z [INFO]: Polygon WebSocket connected.
2024-12-13T21:26:32.094Z [INFO]: Polygon WebSocket authenticated.
2024-12-13T21:26:46.803Z [INFO]: Dynamic config reloaded. Updated override symbols.
2024-12-13T21:26:46.804Z [INFO]: Subscribed to WU quotes.
2024-12-13T21:26:46.806Z [INFO]: Symbol WU added to watchlist due to override add list.
2024-12-13T21:26:46.983Z [INFO]: Watchlist updated. Monitoring 1 symbols.
2024-12-13T21:27:01.802Z [INFO]: Dynamic config reloaded. Updated override symbols.
2024-12-13T21:27:01.959Z [INFO]: Watchlist updated. Monitoring 1 symbols.
2024-12-13T21:27:16.803Z [INFO]: Dynamic config reloaded. Updated override symbols.
2024-12-13T21:27:16.975Z [INFO]: Watchlist updated. Monitoring 1 symbols.
2024-12-13T21:27:31.807Z [INFO]: Dynamic config reloaded. Updated override symbols.
2024-12-13T21:27:32.009Z [INFO]: Watchlist updated. Monitoring 1 symbols.
2024-12-13T21:27:46.808Z [INFO]: Dynamic config reloaded. Updated override symbols.
2024-12-13T21:27:46.977Z [INFO]: Watchlist updated. Monitoring 1 symbols.
2024-12-13T21:28:01.808Z [INFO]: Dynamic config reloaded. Updated override symbols.
2024-12-13T21:28:02.228Z [INFO]: Watchlist updated. Monitoring 1 symbols.
2024-12-13T21:28:06.018Z [INFO]: Polygon WebSocket connected.
2024-12-13T21:28:06.023Z [INFO]: Started polling for order statuses.
2024-12-13T21:28:06.190Z [ERROR]: Error initializing existing positions: Cannot read properties of undefined (reading 'setData')
2024-12-13T21:28:06.200Z [INFO]: Polygon WebSocket connection opened.
2024-12-13T21:28:06.201Z [INFO]: Polygon WebSocket connected.
2024-12-13T21:28:06.252Z [INFO]: Polygon WebSocket authenticated.
2024-12-13T21:28:06.319Z [INFO]: Watchlist updated. Monitoring 0 symbols.
2024-12-13T21:28:08.174Z [ERROR]: Error refreshing positions: Cannot read properties of undefined (reading 'setData')
2024-12-13T21:28:10.168Z [ERROR]: Error refreshing positions: Cannot read properties of undefined (reading 'setData')
2024-12-13T21:28:12.165Z [ERROR]: Error refreshing positions: Cannot read properties of undefined (reading 'setData')
2024-12-13T21:28:14.160Z [ERROR]: Error refreshing positions: Cannot read properties of undefined (reading 'setData')
2024-12-13T21:28:16.164Z [ERROR]: Error refreshing positions: Cannot read properties of undefined (reading 'setData')
2024-12-13T21:28:18.171Z [ERROR]: Error refreshing positions: Cannot read properties of undefined (reading 'setData')
2024-12-13T21:28:20.163Z [ERROR]: Error refreshing positions: Cannot read properties of undefined (reading 'setData')
2024-12-13T21:28:21.025Z [INFO]: Dynamic config reloaded. Updated override symbols.
2024-12-13T21:28:21.025Z [INFO]: Subscribed to WU quotes.
2024-12-13T21:28:21.026Z [INFO]: Symbol WU added to watchlist due to override add list.
2024-12-13T21:28:21.191Z [INFO]: Watchlist updated. Monitoring 1 symbols.
2024-12-13T21:28:22.176Z [ERROR]: Error refreshing positions: Cannot read properties of undefined (reading 'setData')
2024-12-13T21:28:24.177Z [ERROR]: Error refreshing positions: Cannot read properties of undefined (reading 'setData')
2024-12-13T21:28:26.172Z [ERROR]: Error refreshing positions: Cannot read properties of undefined (reading 'setData')
2024-12-13T21:28:28.176Z [ERROR]: Error refreshing positions: Cannot read properties of undefined (reading 'setData')
