2024-10-18T14:52:53.292Z [ERROR]: Error polling order statuses: connect ETIMEDOUT 35.221.23.121:443
2024-10-18T14:53:01.960Z [ERROR]: Error refreshing positions: connect ETIMEDOUT 35.221.23.121:443
2024-10-18T14:54:58.439Z [ERROR]: Error polling order statuses: connect ETIMEDOUT 35.221.23.121:443
2024-10-18T14:55:06.406Z [ERROR]: Error refreshing positions: connect ETIMEDOUT 35.221.23.121:443
2024-10-18T23:29:21.785Z [ERROR]: Error initializing existing positions: Request failed with status code 403
2024-10-18T23:29:22.662Z [ERROR]: Error polling order statuses: Request failed with status code 403
2024-10-18T23:29:23.661Z [ERROR]: Error refreshing positions: Request failed with status code 403
2024-10-18T23:29:24.016Z [ERROR]: Error polling order statuses: Request failed with status code 403
2024-10-18T23:29:24.662Z [ERROR]: Error polling order statuses: Request failed with status code 403
2024-10-18T23:29:25.660Z [ERROR]: Error refreshing positions: Request failed with status code 403
2024-10-18T23:29:26.007Z [ERROR]: Error polling order statuses: Request failed with status code 403
2024-10-18T23:29:26.654Z [ERROR]: Error polling order statuses: Request failed with status code 403
2024-10-18T23:29:27.659Z [ERROR]: Error refreshing positions: Request failed with status code 403
2024-10-18T23:29:28.012Z [ERROR]: Error polling order statuses: Request failed with status code 403
2024-10-18T23:29:28.661Z [ERROR]: Error polling order statuses: Request failed with status code 403
2024-10-18T23:29:29.663Z [ERROR]: Error refreshing positions: Request failed with status code 403
2024-10-18T23:30:15.141Z [ERROR]: Error initializing existing positions: Request failed with status code 403
2024-10-18T23:30:16.120Z [ERROR]: Error polling order statuses: Request failed with status code 403
2024-10-18T23:30:17.118Z [ERROR]: Error refreshing positions: Request failed with status code 403
2024-10-18T23:30:17.462Z [ERROR]: Error polling order statuses: Request failed with status code 403
2024-10-18T23:30:18.107Z [ERROR]: Error polling order statuses: Request failed with status code 403
2024-10-18T23:30:19.117Z [ERROR]: Error refreshing positions: Request failed with status code 403
2024-10-18T23:30:19.465Z [ERROR]: Error polling order statuses: Request failed with status code 403
2024-11-04T14:42:19.949Z [ERROR]: Error placing limit order for NUWE: {"available":"480","code":40310000,"existing_qty":"480","held_for_orders":"0","message":"insufficient qty available for order (requested: 960, available: 480)","symbol":"NUWE"}
2024-11-05T00:37:17.232Z [ERROR]: Uncaught Exception: this.pollOrderStatuses is not a function
TypeError: this.pollOrderStatuses is not a function
    at Timeout._onTimeout (/Users/landonosteen/Desktop/seismic-polygon/orderManager.js:40:18)
    at listOnTimeout (node:internal/timers:569:17)
    at process.processTimers (node:internal/timers:512:7)
2024-11-05T00:37:18.232Z [ERROR]: Uncaught Exception: this.pollOrderStatuses is not a function
TypeError: this.pollOrderStatuses is not a function
    at Timeout._onTimeout (/Users/landonosteen/Desktop/seismic-polygon/orderManager.js:40:18)
    at listOnTimeout (node:internal/timers:569:17)
    at process.processTimers (node:internal/timers:512:7)
2024-11-05T00:37:19.237Z [ERROR]: Uncaught Exception: this.pollOrderStatuses is not a function
TypeError: this.pollOrderStatuses is not a function
    at Timeout._onTimeout (/Users/landonosteen/Desktop/seismic-polygon/orderManager.js:40:18)
    at listOnTimeout (node:internal/timers:569:17)
    at process.processTimers (node:internal/timers:512:7)
2024-11-05T00:37:20.238Z [ERROR]: Uncaught Exception: this.pollOrderStatuses is not a function
TypeError: this.pollOrderStatuses is not a function
    at Timeout._onTimeout (/Users/landonosteen/Desktop/seismic-polygon/orderManager.js:40:18)
    at listOnTimeout (node:internal/timers:569:17)
    at process.processTimers (node:internal/timers:512:7)
2024-11-05T00:37:21.239Z [ERROR]: Uncaught Exception: this.pollOrderStatuses is not a function
TypeError: this.pollOrderStatuses is not a function
    at Timeout._onTimeout (/Users/landonosteen/Desktop/seismic-polygon/orderManager.js:40:18)
    at listOnTimeout (node:internal/timers:569:17)
    at process.processTimers (node:internal/timers:512:7)
2024-11-05T00:37:22.239Z [ERROR]: Uncaught Exception: this.pollOrderStatuses is not a function
TypeError: this.pollOrderStatuses is not a function
    at Timeout._onTimeout (/Users/landonosteen/Desktop/seismic-polygon/orderManager.js:40:18)
    at listOnTimeout (node:internal/timers:569:17)
    at process.processTimers (node:internal/timers:512:7)
2024-11-05T00:37:23.240Z [ERROR]: Uncaught Exception: this.pollOrderStatuses is not a function
TypeError: this.pollOrderStatuses is not a function
    at Timeout._onTimeout (/Users/landonosteen/Desktop/seismic-polygon/orderManager.js:40:18)
    at listOnTimeout (node:internal/timers:569:17)
    at process.processTimers (node:internal/timers:512:7)
